[2023-03-03 10:40:40.663] [jointLog] [info] setting maxHashResizeThreads to 1
[2023-03-03 10:40:40.663] [jointLog] [info] Fragment incompatibility prior below threshold.  Incompatible fragments will be ignored.
[2023-03-03 10:40:40.663] [jointLog] [info] Usage of --validateMappings implies use of minScoreFraction. Since not explicitly specified, it is being set to 0.65
[2023-03-03 10:40:40.663] [jointLog] [info] Setting consensusSlack to selective-alignment default of 0.35.
[2023-03-03 10:40:40.663] [jointLog] [info] parsing read library format
[2023-03-03 10:40:40.663] [jointLog] [info] There is 1 library.
[2023-03-03 10:40:40.697] [jointLog] [info] Loading pufferfish index
[2023-03-03 10:40:40.701] [jointLog] [info] Loading dense pufferfish index.
[2023-03-03 10:40:45.385] [jointLog] [info] done
[2023-03-03 10:40:45.634] [jointLog] [info] Index contained 19,502 targets
[2023-03-03 10:40:45.644] [jointLog] [info] Number of decoys : 0
[2023-03-03 10:40:47.209] [jointLog] [info] Automatically detected most likely library type as ISR

[2023-03-03 10:45:36.700] [fileLog] [info] 
At end of round 0
==================
Observed 14543956 total fragments (14543956 in most recent round)

[2023-03-03 10:45:36.577] [jointLog] [info] Thread saw mini-batch with a maximum of 1.10% zero probability fragments
[2023-03-03 10:45:36.699] [jointLog] [info] Computed 91,936 rich equivalence classes for further processing
[2023-03-03 10:45:36.699] [jointLog] [info] Counted 13,924,934 total reads in the equivalence classes 
[2023-03-03 10:45:36.701] [jointLog] [info] Number of mappings discarded because of alignment score : 649,677
[2023-03-03 10:45:36.701] [jointLog] [info] Number of fragments entirely discarded because of alignment score : 196,676
[2023-03-03 10:45:36.701] [jointLog] [info] Number of fragments discarded because they are best-mapped to decoys : 0
[2023-03-03 10:45:36.701] [jointLog] [info] Number of fragments discarded because they have only dovetail (discordant) mappings to valid targets : 63,216
[2023-03-03 10:45:36.701] [jointLog] [info] Mapping rate = 95.7438%

[2023-03-03 10:45:36.701] [jointLog] [info] finished quantifyLibrary()
[2023-03-03 10:45:37.086] [jointLog] [info] Starting optimizer
[2023-03-03 10:45:37.138] [jointLog] [info] Marked 0 weighted equivalence classes as degenerate
[2023-03-03 10:45:37.151] [jointLog] [info] iteration = 0 | max rel diff. = 21545.6
[2023-03-03 10:45:38.598] [jointLog] [info] iteration = 100 | max rel diff. = 5.17661
[2023-03-03 10:45:39.956] [jointLog] [info] iteration = 200 | max rel diff. = 0.810378
[2023-03-03 10:45:41.226] [jointLog] [info] iteration = 300 | max rel diff. = 0.723861
[2023-03-03 10:45:42.494] [jointLog] [info] iteration = 400 | max rel diff. = 0.10627
[2023-03-03 10:45:43.758] [jointLog] [info] iteration = 500 | max rel diff. = 0.0650074
[2023-03-03 10:45:45.012] [jointLog] [info] iteration = 600 | max rel diff. = 0.0426191
[2023-03-03 10:45:46.292] [jointLog] [info] iteration = 700 | max rel diff. = 0.189728
[2023-03-03 10:45:47.068] [jointLog] [info] iteration = 762 | max rel diff. = 0.00784999
[2023-03-03 10:45:47.072] [jointLog] [info] Finished optimizer
[2023-03-03 10:45:47.072] [jointLog] [info] writing output 

