[2023-03-03 10:46:25.030] [jointLog] [info] setting maxHashResizeThreads to 1
[2023-03-03 10:46:25.030] [jointLog] [info] Fragment incompatibility prior below threshold.  Incompatible fragments will be ignored.
[2023-03-03 10:46:25.030] [jointLog] [info] Usage of --validateMappings implies use of minScoreFraction. Since not explicitly specified, it is being set to 0.65
[2023-03-03 10:46:25.030] [jointLog] [info] Setting consensusSlack to selective-alignment default of 0.35.
[2023-03-03 10:46:25.030] [jointLog] [info] parsing read library format
[2023-03-03 10:46:25.030] [jointLog] [info] There is 1 library.
[2023-03-03 10:46:26.412] [jointLog] [info] Loading pufferfish index
[2023-03-03 10:46:26.416] [jointLog] [info] Loading dense pufferfish index.
[2023-03-03 10:46:28.387] [jointLog] [info] done
[2023-03-03 10:46:28.497] [jointLog] [info] Index contained 19,502 targets
[2023-03-03 10:46:28.508] [jointLog] [info] Number of decoys : 0
[2023-03-03 10:46:29.990] [jointLog] [info] Automatically detected most likely library type as ISR

[2023-03-03 10:47:00.661] [fileLog] [info] 
At end of round 0
==================
Observed 1291572 total fragments (1291572 in most recent round)

[2023-03-03 10:47:00.600] [jointLog] [info] Thread saw mini-batch with a maximum of 1.26% zero probability fragments
[2023-03-03 10:47:00.660] [jointLog] [info] Computed 14,807 rich equivalence classes for further processing
[2023-03-03 10:47:00.660] [jointLog] [info] Counted 1,237,268 total reads in the equivalence classes 
[2023-03-03 10:47:00.662] [jointLog] [info] Number of mappings discarded because of alignment score : 62,370
[2023-03-03 10:47:00.662] [jointLog] [info] Number of fragments entirely discarded because of alignment score : 15,622
[2023-03-03 10:47:00.662] [jointLog] [info] Number of fragments discarded because they are best-mapped to decoys : 0
[2023-03-03 10:47:00.662] [jointLog] [info] Number of fragments discarded because they have only dovetail (discordant) mappings to valid targets : 6,309
[2023-03-03 10:47:00.667] [jointLog] [warning] Only 1237268 fragments were mapped, but the number of burn-in fragments was set to 5000000.
The effective lengths have been computed using the observed mappings.

[2023-03-03 10:47:00.667] [jointLog] [info] Mapping rate = 95.7955%

[2023-03-03 10:47:00.667] [jointLog] [info] finished quantifyLibrary()
[2023-03-03 10:47:00.721] [jointLog] [info] Starting optimizer
[2023-03-03 10:47:00.858] [jointLog] [info] Marked 0 weighted equivalence classes as degenerate
[2023-03-03 10:47:00.863] [jointLog] [info] iteration = 0 | max rel diff. = 5206.31
[2023-03-03 10:47:01.373] [jointLog] [info] iteration = 100 | max rel diff. = 17.4566
[2023-03-03 10:47:01.931] [jointLog] [info] iteration = 200 | max rel diff. = 1.36655
[2023-03-03 10:47:02.435] [jointLog] [info] iteration = 300 | max rel diff. = 0.0974264
[2023-03-03 10:47:02.919] [jointLog] [info] iteration = 400 | max rel diff. = 0.203896
[2023-03-03 10:47:03.445] [jointLog] [info] iteration = 500 | max rel diff. = 0.304454
[2023-03-03 10:47:03.590] [jointLog] [info] iteration = 529 | max rel diff. = 0.00615894
[2023-03-03 10:47:03.595] [jointLog] [info] Finished optimizer
[2023-03-03 10:47:03.595] [jointLog] [info] writing output 

