[2022-10-26 15:23:26.164] [jointLog] [info] setting maxHashResizeThreads to 1
[2022-10-26 15:23:26.164] [jointLog] [info] Fragment incompatibility prior below threshold.  Incompatible fragments will be ignored.
[2022-10-26 15:23:26.164] [jointLog] [info] Usage of --validateMappings implies use of minScoreFraction. Since not explicitly specified, it is being set to 0.65
[2022-10-26 15:23:26.164] [jointLog] [info] Setting consensusSlack to selective-alignment default of 0.35.
[2022-10-26 15:23:26.164] [jointLog] [info] parsing read library format
[2022-10-26 15:23:26.164] [jointLog] [info] There is 1 library.
[2022-10-26 15:23:45.616] [jointLog] [info] Loading pufferfish index
[2022-10-26 15:23:45.617] [jointLog] [info] Loading dense pufferfish index.
[2022-10-26 15:24:04.847] [jointLog] [info] done
[2022-10-26 15:24:05.079] [jointLog] [info] Index contained 19,502 targets
[2022-10-26 15:24:05.096] [jointLog] [info] Number of decoys : 0
[2022-10-26 15:24:08.124] [jointLog] [info] Automatically detected most likely library type as ISR

[2022-10-26 15:26:03.854] [fileLog] [info] 
At end of round 0
==================
Observed 5962054 total fragments (5962054 in most recent round)

[2022-10-26 15:26:03.791] [jointLog] [info] Thread saw mini-batch with a maximum of 1.00% zero probability fragments
[2022-10-26 15:26:03.853] [jointLog] [info] Computed 17,508 rich equivalence classes for further processing
[2022-10-26 15:26:03.853] [jointLog] [info] Counted 5,651,207 total reads in the equivalence classes 
[2022-10-26 15:26:03.854] [jointLog] [info] Number of mappings discarded because of alignment score : 254,524
[2022-10-26 15:26:03.854] [jointLog] [info] Number of fragments entirely discarded because of alignment score : 63,323
[2022-10-26 15:26:03.854] [jointLog] [info] Number of fragments discarded because they are best-mapped to decoys : 0
[2022-10-26 15:26:03.854] [jointLog] [info] Number of fragments discarded because they have only dovetail (discordant) mappings to valid targets : 23,827
[2022-10-26 15:26:03.854] [jointLog] [info] Mapping rate = 94.7862%

[2022-10-26 15:26:03.854] [jointLog] [info] finished quantifyLibrary()
[2022-10-26 15:26:04.114] [jointLog] [info] Starting optimizer
[2022-10-26 15:26:04.131] [jointLog] [info] Marked 0 weighted equivalence classes as degenerate
[2022-10-26 15:26:04.138] [jointLog] [info] iteration = 0 | max rel diff. = 25084.5
[2022-10-26 15:26:04.671] [jointLog] [info] iteration = 100 | max rel diff. = 4.2983
[2022-10-26 15:26:05.179] [jointLog] [info] iteration = 200 | max rel diff. = 1.27439
[2022-10-26 15:26:05.680] [jointLog] [info] iteration = 300 | max rel diff. = 1.43553
[2022-10-26 15:26:06.189] [jointLog] [info] iteration = 400 | max rel diff. = 0.0915978
[2022-10-26 15:26:06.771] [jointLog] [info] iteration = 500 | max rel diff. = 0.244576
[2022-10-26 15:26:07.362] [jointLog] [info] iteration = 600 | max rel diff. = 0.200895
[2022-10-26 15:26:07.949] [jointLog] [info] iteration = 700 | max rel diff. = 0.47272
[2022-10-26 15:26:08.491] [jointLog] [info] iteration = 800 | max rel diff. = 0.206876
[2022-10-26 15:26:08.843] [jointLog] [info] iteration = 874 | max rel diff. = 0.00995433
[2022-10-26 15:26:08.848] [jointLog] [info] Finished optimizer
[2022-10-26 15:26:08.848] [jointLog] [info] writing output 

