[2023-03-03 10:40:51.731] [jointLog] [info] setting maxHashResizeThreads to 1
[2023-03-03 10:40:51.731] [jointLog] [info] Fragment incompatibility prior below threshold.  Incompatible fragments will be ignored.
[2023-03-03 10:40:51.731] [jointLog] [info] Usage of --validateMappings implies use of minScoreFraction. Since not explicitly specified, it is being set to 0.65
[2023-03-03 10:40:51.731] [jointLog] [info] Setting consensusSlack to selective-alignment default of 0.35.
[2023-03-03 10:40:51.731] [jointLog] [info] parsing read library format
[2023-03-03 10:40:51.731] [jointLog] [info] There is 1 library.
[2023-03-03 10:40:51.739] [jointLog] [info] Loading pufferfish index
[2023-03-03 10:40:51.742] [jointLog] [info] Loading dense pufferfish index.
[2023-03-03 10:40:52.294] [jointLog] [info] done
[2023-03-03 10:40:52.592] [jointLog] [info] Index contained 19,502 targets
[2023-03-03 10:40:52.604] [jointLog] [info] Number of decoys : 0
[2023-03-03 10:40:54.069] [jointLog] [info] Automatically detected most likely library type as ISR

[2023-03-03 10:45:25.851] [jointLog] [info] Thread saw mini-batch with a maximum of 1.18% zero probability fragments
[2023-03-03 10:45:25.993] [jointLog] [info] Computed 92,956 rich equivalence classes for further processing
[2023-03-03 10:45:25.993] [jointLog] [info] Counted 14,000,412 total reads in the equivalence classes 
[2023-03-03 10:45:25.995] [jointLog] [info] Number of mappings discarded because of alignment score : 662,888
[2023-03-03 10:45:25.995] [jointLog] [info] Number of fragments entirely discarded because of alignment score : 197,839
[2023-03-03 10:45:25.995] [jointLog] [info] Number of fragments discarded because they are best-mapped to decoys : 0
[2023-03-03 10:45:25.995] [jointLog] [info] Number of fragments discarded because they have only dovetail (discordant) mappings to valid targets : 63,321
[2023-03-03 10:45:25.995] [jointLog] [info] Mapping rate = 95.7293%

[2023-03-03 10:45:25.995] [jointLog] [info] finished quantifyLibrary()
[2023-03-03 10:45:25.994] [fileLog] [info] 
At end of round 0
==================
Observed 14624995 total fragments (14624995 in most recent round)

[2023-03-03 10:45:26.399] [jointLog] [info] Starting optimizer
[2023-03-03 10:45:26.441] [jointLog] [info] Marked 0 weighted equivalence classes as degenerate
[2023-03-03 10:45:26.455] [jointLog] [info] iteration = 0 | max rel diff. = 42272
[2023-03-03 10:45:27.816] [jointLog] [info] iteration = 100 | max rel diff. = 1.8756
[2023-03-03 10:45:29.163] [jointLog] [info] iteration = 200 | max rel diff. = 9.25497
[2023-03-03 10:45:30.515] [jointLog] [info] iteration = 300 | max rel diff. = 0.821889
[2023-03-03 10:45:31.884] [jointLog] [info] iteration = 400 | max rel diff. = 0.146593
[2023-03-03 10:45:33.235] [jointLog] [info] iteration = 500 | max rel diff. = 5.37439
[2023-03-03 10:45:34.577] [jointLog] [info] iteration = 600 | max rel diff. = 0.188165
[2023-03-03 10:45:35.759] [jointLog] [info] iteration = 688 | max rel diff. = 0.00397699
[2023-03-03 10:45:35.764] [jointLog] [info] Finished optimizer
[2023-03-03 10:45:35.764] [jointLog] [info] writing output 

