[2022-10-26 15:17:35.597] [jointLog] [info] setting maxHashResizeThreads to 1
[2022-10-26 15:17:35.597] [jointLog] [info] Fragment incompatibility prior below threshold.  Incompatible fragments will be ignored.
[2022-10-26 15:17:35.597] [jointLog] [info] Usage of --validateMappings implies use of minScoreFraction. Since not explicitly specified, it is being set to 0.65
[2022-10-26 15:17:35.597] [jointLog] [info] Setting consensusSlack to selective-alignment default of 0.35.
[2022-10-26 15:17:35.597] [jointLog] [info] parsing read library format
[2022-10-26 15:17:35.597] [jointLog] [info] There is 1 library.
[2022-10-26 15:17:36.559] [jointLog] [info] Loading pufferfish index
[2022-10-26 15:17:36.560] [jointLog] [info] Loading dense pufferfish index.
[2022-10-26 15:17:41.178] [jointLog] [info] done
[2022-10-26 15:17:41.347] [jointLog] [info] Index contained 19,502 targets
[2022-10-26 15:17:41.363] [jointLog] [info] Number of decoys : 0
[2022-10-26 15:17:45.090] [jointLog] [info] Automatically detected most likely library type as ISR

[2022-10-26 15:17:58.109] [fileLog] [info] 
At end of round 0
==================
Observed 446394 total fragments (446394 in most recent round)

[2022-10-26 15:17:57.934] [jointLog] [info] Thread saw mini-batch with a maximum of 0.80% zero probability fragments
[2022-10-26 15:17:57.989] [jointLog] [info] Computed 9,923 rich equivalence classes for further processing
[2022-10-26 15:17:57.989] [jointLog] [info] Counted 267,994 total reads in the equivalence classes 
[2022-10-26 15:17:58.110] [jointLog] [info] Number of mappings discarded because of alignment score : 15,568
[2022-10-26 15:17:58.110] [jointLog] [info] Number of fragments entirely discarded because of alignment score : 3,458
[2022-10-26 15:17:58.110] [jointLog] [info] Number of fragments discarded because they are best-mapped to decoys : 0
[2022-10-26 15:17:58.110] [jointLog] [info] Number of fragments discarded because they have only dovetail (discordant) mappings to valid targets : 1,151
[2022-10-26 15:17:58.113] [jointLog] [warning] Only 267994 fragments were mapped, but the number of burn-in fragments was set to 5000000.
The effective lengths have been computed using the observed mappings.

[2022-10-26 15:17:58.113] [jointLog] [info] Mapping rate = 60.0353%

[2022-10-26 15:17:58.113] [jointLog] [info] finished quantifyLibrary()
[2022-10-26 15:17:58.507] [jointLog] [info] Starting optimizer
[2022-10-26 15:18:01.168] [jointLog] [info] Marked 0 weighted equivalence classes as degenerate
[2022-10-26 15:18:01.173] [jointLog] [info] iteration = 0 | max rel diff. = 1347.96
[2022-10-26 15:18:01.646] [jointLog] [info] iteration = 100 | max rel diff. = 2.29675
[2022-10-26 15:18:02.073] [jointLog] [info] iteration = 200 | max rel diff. = 0.0175312
[2022-10-26 15:18:02.497] [jointLog] [info] iteration = 300 | max rel diff. = 0.16289
[2022-10-26 15:18:02.525] [jointLog] [info] iteration = 308 | max rel diff. = 0.0021411
[2022-10-26 15:18:02.530] [jointLog] [info] Finished optimizer
[2022-10-26 15:18:02.530] [jointLog] [info] writing output 

