[2023-03-03 10:40:13.738] [jointLog] [info] setting maxHashResizeThreads to 1
[2023-03-03 10:40:13.738] [jointLog] [info] Fragment incompatibility prior below threshold.  Incompatible fragments will be ignored.
[2023-03-03 10:40:13.738] [jointLog] [info] Usage of --validateMappings implies use of minScoreFraction. Since not explicitly specified, it is being set to 0.65
[2023-03-03 10:40:13.738] [jointLog] [info] Setting consensusSlack to selective-alignment default of 0.35.
[2023-03-03 10:40:13.738] [jointLog] [info] parsing read library format
[2023-03-03 10:40:13.738] [jointLog] [info] There is 1 library.
[2023-03-03 10:40:13.744] [jointLog] [info] Loading pufferfish index
[2023-03-03 10:40:13.756] [jointLog] [info] Loading dense pufferfish index.
[2023-03-03 10:40:18.372] [jointLog] [info] done
[2023-03-03 10:40:18.491] [jointLog] [info] Index contained 19,502 targets
[2023-03-03 10:40:18.502] [jointLog] [info] Number of decoys : 0
[2023-03-03 10:40:28.328] [fileLog] [info] 
At end of round 0
==================
Observed 146459 total fragments (146459 in most recent round)

[2023-03-03 10:40:28.267] [jointLog] [info] Automatically detected most likely library type as ISR

[2023-03-03 10:40:28.268] [jointLog] [info] Thread saw mini-batch with a maximum of 0.07% zero probability fragments
[2023-03-03 10:40:28.327] [jointLog] [info] Computed 5,227 rich equivalence classes for further processing
[2023-03-03 10:40:28.327] [jointLog] [info] Counted 43,971 total reads in the equivalence classes 
[2023-03-03 10:40:28.329] [jointLog] [info] Number of mappings discarded because of alignment score : 3,487
[2023-03-03 10:40:28.329] [jointLog] [info] Number of fragments entirely discarded because of alignment score : 675
[2023-03-03 10:40:28.329] [jointLog] [info] Number of fragments discarded because they are best-mapped to decoys : 0
[2023-03-03 10:40:28.329] [jointLog] [info] Number of fragments discarded because they have only dovetail (discordant) mappings to valid targets : 139
[2023-03-03 10:40:28.332] [jointLog] [warning] Only 43971 fragments were mapped, but the number of burn-in fragments was set to 5000000.
The effective lengths have been computed using the observed mappings.

[2023-03-03 10:40:28.332] [jointLog] [info] Mapping rate = 30.0227%

[2023-03-03 10:40:28.332] [jointLog] [info] finished quantifyLibrary()
[2023-03-03 10:40:28.363] [jointLog] [info] Starting optimizer
[2023-03-03 10:40:28.377] [jointLog] [info] Marked 0 weighted equivalence classes as degenerate
[2023-03-03 10:40:28.381] [jointLog] [info] iteration = 0 | max rel diff. = 212.972
[2023-03-03 10:40:28.765] [jointLog] [info] iteration = 100 | max rel diff. = 0.0615007
[2023-03-03 10:40:28.827] [jointLog] [info] iteration = 118 | max rel diff. = 0.00154485
[2023-03-03 10:40:28.830] [jointLog] [info] Finished optimizer
[2023-03-03 10:40:28.830] [jointLog] [info] writing output 

