[2023-03-03 10:40:14.129] [jointLog] [info] setting maxHashResizeThreads to 1
[2023-03-03 10:40:14.129] [jointLog] [info] Fragment incompatibility prior below threshold.  Incompatible fragments will be ignored.
[2023-03-03 10:40:14.129] [jointLog] [info] Usage of --validateMappings implies use of minScoreFraction. Since not explicitly specified, it is being set to 0.65
[2023-03-03 10:40:14.129] [jointLog] [info] Setting consensusSlack to selective-alignment default of 0.35.
[2023-03-03 10:40:14.129] [jointLog] [info] parsing read library format
[2023-03-03 10:40:14.129] [jointLog] [info] There is 1 library.
[2023-03-03 10:40:14.524] [jointLog] [info] Loading pufferfish index
[2023-03-03 10:40:14.528] [jointLog] [info] Loading dense pufferfish index.
[2023-03-03 10:40:18.372] [jointLog] [info] done
[2023-03-03 10:40:18.473] [jointLog] [info] Index contained 19,502 targets
[2023-03-03 10:40:18.486] [jointLog] [info] Number of decoys : 0
[2023-03-03 10:40:20.136] [jointLog] [info] Automatically detected most likely library type as ISR

[2023-03-03 10:44:28.355] [jointLog] [info] Thread saw mini-batch with a maximum of 0.96% zero probability fragments
[2023-03-03 10:44:28.473] [jointLog] [info] Computed 50,362 rich equivalence classes for further processing
[2023-03-03 10:44:28.473] [jointLog] [info] Counted 12,662,196 total reads in the equivalence classes 
[2023-03-03 10:44:28.474] [jointLog] [info] Number of mappings discarded because of alignment score : 420,823
[2023-03-03 10:44:28.474] [jointLog] [info] Number of fragments entirely discarded because of alignment score : 124,390
[2023-03-03 10:44:28.474] [jointLog] [info] Number of fragments discarded because they are best-mapped to decoys : 0
[2023-03-03 10:44:28.474] [jointLog] [info] Number of fragments discarded because they have only dovetail (discordant) mappings to valid targets : 46,569
[2023-03-03 10:44:28.474] [jointLog] [info] Mapping rate = 96.7103%

[2023-03-03 10:44:28.474] [jointLog] [info] finished quantifyLibrary()
[2023-03-03 10:44:28.517] [jointLog] [info] Starting optimizer
[2023-03-03 10:44:28.546] [jointLog] [info] Marked 0 weighted equivalence classes as degenerate
[2023-03-03 10:44:28.555] [jointLog] [info] iteration = 0 | max rel diff. = 35523
[2023-03-03 10:44:28.474] [fileLog] [info] 
At end of round 0
==================
Observed 13092913 total fragments (13092913 in most recent round)

[2023-03-03 10:44:29.409] [jointLog] [info] iteration = 100 | max rel diff. = 14.0684
[2023-03-03 10:44:30.261] [jointLog] [info] iteration = 200 | max rel diff. = 0.139844
[2023-03-03 10:44:31.128] [jointLog] [info] iteration = 300 | max rel diff. = 0.284334
[2023-03-03 10:44:32.000] [jointLog] [info] iteration = 400 | max rel diff. = 0.176613
[2023-03-03 10:44:32.869] [jointLog] [info] iteration = 500 | max rel diff. = 0.0408246
[2023-03-03 10:44:33.779] [jointLog] [info] iteration = 600 | max rel diff. = 0.0494399
[2023-03-03 10:44:34.376] [jointLog] [info] iteration = 670 | max rel diff. = 0.00751286
[2023-03-03 10:44:34.380] [jointLog] [info] Finished optimizer
[2023-03-03 10:44:34.380] [jointLog] [info] writing output 

