[2023-03-03 10:48:36.193] [jointLog] [info] setting maxHashResizeThreads to 1
[2023-03-03 10:48:36.193] [jointLog] [info] Fragment incompatibility prior below threshold.  Incompatible fragments will be ignored.
[2023-03-03 10:48:36.193] [jointLog] [info] Usage of --validateMappings implies use of minScoreFraction. Since not explicitly specified, it is being set to 0.65
[2023-03-03 10:48:36.193] [jointLog] [info] Setting consensusSlack to selective-alignment default of 0.35.
[2023-03-03 10:48:36.193] [jointLog] [info] parsing read library format
[2023-03-03 10:48:36.193] [jointLog] [info] There is 1 library.
[2023-03-03 10:48:37.774] [jointLog] [info] Loading pufferfish index
[2023-03-03 10:48:38.657] [jointLog] [info] Loading dense pufferfish index.
[2023-03-03 10:48:49.265] [jointLog] [info] done
[2023-03-03 10:48:49.378] [jointLog] [info] Index contained 19,502 targets
[2023-03-03 10:48:49.386] [jointLog] [info] Number of decoys : 0
[2023-03-03 10:48:52.571] [jointLog] [info] Computed 2,067 rich equivalence classes for further processing
[2023-03-03 10:48:52.571] [jointLog] [info] Counted 12,260 total reads in the equivalence classes 
[2023-03-03 10:48:52.572] [jointLog] [info] Number of mappings discarded because of alignment score : 416
[2023-03-03 10:48:52.572] [jointLog] [info] Number of fragments entirely discarded because of alignment score : 238
[2023-03-03 10:48:52.572] [jointLog] [info] Number of fragments discarded because they are best-mapped to decoys : 0
[2023-03-03 10:48:52.572] [jointLog] [info] Number of fragments discarded because they have only dovetail (discordant) mappings to valid targets : 21
[2023-03-03 10:48:52.577] [jointLog] [warning] Only 12260 fragments were mapped, but the number of burn-in fragments was set to 5000000.
The effective lengths have been computed using the observed mappings.

[2023-03-03 10:48:52.577] [jointLog] [info] Mapping rate = 26.0513%

[2023-03-03 10:48:52.577] [jointLog] [info] finished quantifyLibrary()
[2023-03-03 10:48:52.571] [fileLog] [info] 
At end of round 0
==================
Observed 47061 total fragments (47061 in most recent round)

[2023-03-03 10:48:54.567] [jointLog] [info] Starting optimizer
[2023-03-03 10:48:57.321] [jointLog] [info] Marked 0 weighted equivalence classes as degenerate
[2023-03-03 10:48:57.328] [jointLog] [info] iteration = 0 | max rel diff. = 60.1465
[2023-03-03 10:48:57.665] [jointLog] [info] iteration = 100 | max rel diff. = 1.67175e-05
[2023-03-03 10:48:57.669] [jointLog] [info] Finished optimizer
[2023-03-03 10:48:57.669] [jointLog] [info] writing output 

[2023-03-03 10:48:59.148] [jointLog] [warning] NOTE: Read Lib [[ ../DT_trimmed_reads/DT48_2_S48_L008_001_R1_trimmed.fastq.gz, ../DT_trimmed_reads/DT48_2_S48_L008_001_R2_trimmed.fastq.gz]] :

Detected a *potential* strand bias > 1% in an unstranded protocol check the file: transcripts_quant_DT48_2_S48_L008/lib_format_counts.json for details

