[2023-03-03 10:46:04.225] [jointLog] [info] setting maxHashResizeThreads to 1
[2023-03-03 10:46:04.225] [jointLog] [info] Fragment incompatibility prior below threshold.  Incompatible fragments will be ignored.
[2023-03-03 10:46:04.225] [jointLog] [info] Usage of --validateMappings implies use of minScoreFraction. Since not explicitly specified, it is being set to 0.65
[2023-03-03 10:46:04.225] [jointLog] [info] Setting consensusSlack to selective-alignment default of 0.35.
[2023-03-03 10:46:04.225] [jointLog] [info] parsing read library format
[2023-03-03 10:46:04.225] [jointLog] [info] There is 1 library.
[2023-03-03 10:46:04.267] [jointLog] [info] Loading pufferfish index
[2023-03-03 10:46:04.272] [jointLog] [info] Loading dense pufferfish index.
[2023-03-03 10:46:04.838] [jointLog] [info] done
[2023-03-03 10:46:04.948] [jointLog] [info] Index contained 19,502 targets
[2023-03-03 10:46:04.959] [jointLog] [info] Number of decoys : 0
[2023-03-03 10:46:09.350] [fileLog] [info] 
At end of round 0
==================
Observed 65007 total fragments (65007 in most recent round)

[2023-03-03 10:46:09.349] [jointLog] [info] Computed 4,185 rich equivalence classes for further processing
[2023-03-03 10:46:09.349] [jointLog] [info] Counted 13,236 total reads in the equivalence classes 
[2023-03-03 10:46:09.351] [jointLog] [info] Number of mappings discarded because of alignment score : 752
[2023-03-03 10:46:09.351] [jointLog] [info] Number of fragments entirely discarded because of alignment score : 343
[2023-03-03 10:46:09.351] [jointLog] [info] Number of fragments discarded because they are best-mapped to decoys : 0
[2023-03-03 10:46:09.351] [jointLog] [info] Number of fragments discarded because they have only dovetail (discordant) mappings to valid targets : 77
[2023-03-03 10:46:09.356] [jointLog] [warning] Only 13236 fragments were mapped, but the number of burn-in fragments was set to 5000000.
The effective lengths have been computed using the observed mappings.

[2023-03-03 10:46:09.356] [jointLog] [info] Mapping rate = 20.3609%

[2023-03-03 10:46:09.356] [jointLog] [info] finished quantifyLibrary()
[2023-03-03 10:46:09.419] [jointLog] [info] Starting optimizer
[2023-03-03 10:46:09.433] [jointLog] [info] Marked 0 weighted equivalence classes as degenerate
[2023-03-03 10:46:09.437] [jointLog] [info] iteration = 0 | max rel diff. = 64.8505
[2023-03-03 10:46:09.820] [jointLog] [info] iteration = 100 | max rel diff. = 2.75245e-08
[2023-03-03 10:46:09.824] [jointLog] [info] Finished optimizer
[2023-03-03 10:46:09.824] [jointLog] [info] writing output 

[2023-03-03 10:46:09.964] [jointLog] [warning] NOTE: Read Lib [[ ../DT_trimmed_reads/DT24_3T_S46_L008_001_R1_trimmed.fastq.gz, ../DT_trimmed_reads/DT24_3T_S46_L008_001_R2_trimmed.fastq.gz]] :

Detected a *potential* strand bias > 1% in an unstranded protocol check the file: transcripts_quant_DT24_3T_S46_L008/lib_format_counts.json for details

