[2022-10-26 15:15:51.108] [jointLog] [info] setting maxHashResizeThreads to 1
[2022-10-26 15:15:51.108] [jointLog] [info] Fragment incompatibility prior below threshold.  Incompatible fragments will be ignored.
[2022-10-26 15:15:51.108] [jointLog] [info] Usage of --validateMappings implies use of minScoreFraction. Since not explicitly specified, it is being set to 0.65
[2022-10-26 15:15:51.108] [jointLog] [info] Setting consensusSlack to selective-alignment default of 0.35.
[2022-10-26 15:15:51.108] [jointLog] [info] parsing read library format
[2022-10-26 15:15:51.108] [jointLog] [info] There is 1 library.
[2022-10-26 15:15:51.110] [jointLog] [info] Loading pufferfish index
[2022-10-26 15:15:51.155] [jointLog] [info] Loading dense pufferfish index.
[2022-10-26 15:15:51.933] [jointLog] [info] done
[2022-10-26 15:15:52.069] [jointLog] [info] Index contained 19,502 targets
[2022-10-26 15:15:52.081] [jointLog] [info] Number of decoys : 0
[2022-10-26 15:15:54.278] [jointLog] [info] Automatically detected most likely library type as ISR

[2022-10-26 15:16:03.626] [jointLog] [info] Thread saw mini-batch with a maximum of 0.74% zero probability fragments
[2022-10-26 15:16:03.760] [jointLog] [info] Computed 9,860 rich equivalence classes for further processing
[2022-10-26 15:16:03.760] [jointLog] [info] Counted 222,331 total reads in the equivalence classes 
[2022-10-26 15:16:03.762] [jointLog] [info] Number of mappings discarded because of alignment score : 11,641
[2022-10-26 15:16:03.762] [jointLog] [info] Number of fragments entirely discarded because of alignment score : 2,686
[2022-10-26 15:16:03.762] [jointLog] [info] Number of fragments discarded because they are best-mapped to decoys : 0
[2022-10-26 15:16:03.762] [jointLog] [info] Number of fragments discarded because they have only dovetail (discordant) mappings to valid targets : 899
[2022-10-26 15:16:03.766] [jointLog] [warning] Only 222331 fragments were mapped, but the number of burn-in fragments was set to 5000000.
The effective lengths have been computed using the observed mappings.

[2022-10-26 15:16:03.766] [jointLog] [info] Mapping rate = 73.3969%

[2022-10-26 15:16:03.766] [jointLog] [info] finished quantifyLibrary()
[2022-10-26 15:16:03.761] [fileLog] [info] 
At end of round 0
==================
Observed 302916 total fragments (302916 in most recent round)

[2022-10-26 15:16:05.334] [jointLog] [info] Starting optimizer
[2022-10-26 15:16:05.351] [jointLog] [info] Marked 0 weighted equivalence classes as degenerate
[2022-10-26 15:16:05.359] [jointLog] [info] iteration = 0 | max rel diff. = 1061.77
[2022-10-26 15:16:05.798] [jointLog] [info] iteration = 100 | max rel diff. = 3.55767
[2022-10-26 15:16:06.225] [jointLog] [info] iteration = 200 | max rel diff. = 0.00803253
[2022-10-26 15:16:06.225] [jointLog] [info] iteration = 201 | max rel diff. = 0.00803253
[2022-10-26 15:16:06.228] [jointLog] [info] Finished optimizer
[2022-10-26 15:16:06.228] [jointLog] [info] writing output 

