[2023-03-03 10:44:46.052] [jointLog] [info] setting maxHashResizeThreads to 1
[2023-03-03 10:44:46.052] [jointLog] [info] Fragment incompatibility prior below threshold.  Incompatible fragments will be ignored.
[2023-03-03 10:44:46.052] [jointLog] [info] Usage of --validateMappings implies use of minScoreFraction. Since not explicitly specified, it is being set to 0.65
[2023-03-03 10:44:46.052] [jointLog] [info] Setting consensusSlack to selective-alignment default of 0.35.
[2023-03-03 10:44:46.052] [jointLog] [info] parsing read library format
[2023-03-03 10:44:46.052] [jointLog] [info] There is 1 library.
[2023-03-03 10:44:46.060] [jointLog] [info] Loading pufferfish index
[2023-03-03 10:44:46.064] [jointLog] [info] Loading dense pufferfish index.
[2023-03-03 10:44:48.358] [jointLog] [info] done
[2023-03-03 10:44:48.492] [jointLog] [info] Index contained 19,502 targets
[2023-03-03 10:44:48.503] [jointLog] [info] Number of decoys : 0
[2023-03-03 10:44:49.827] [jointLog] [info] Computed 2,048 rich equivalence classes for further processing
[2023-03-03 10:44:49.827] [jointLog] [info] Counted 10,127 total reads in the equivalence classes 
[2023-03-03 10:44:49.829] [jointLog] [info] Number of mappings discarded because of alignment score : 263
[2023-03-03 10:44:49.829] [jointLog] [info] Number of fragments entirely discarded because of alignment score : 122
[2023-03-03 10:44:49.829] [jointLog] [info] Number of fragments discarded because they are best-mapped to decoys : 0
[2023-03-03 10:44:49.829] [jointLog] [info] Number of fragments discarded because they have only dovetail (discordant) mappings to valid targets : 19
[2023-03-03 10:44:49.833] [jointLog] [warning] Only 10127 fragments were mapped, but the number of burn-in fragments was set to 5000000.
The effective lengths have been computed using the observed mappings.

[2023-03-03 10:44:49.833] [jointLog] [info] Mapping rate = 45.3029%

[2023-03-03 10:44:49.833] [jointLog] [info] finished quantifyLibrary()
[2023-03-03 10:44:49.879] [jointLog] [info] Starting optimizer
[2023-03-03 10:44:49.890] [jointLog] [info] Marked 0 weighted equivalence classes as degenerate
[2023-03-03 10:44:49.894] [jointLog] [info] iteration = 0 | max rel diff. = 36.278
[2023-03-03 10:44:49.828] [fileLog] [info] 
At end of round 0
==================
Observed 22354 total fragments (22354 in most recent round)

[2023-03-03 10:44:50.243] [jointLog] [info] iteration = 100 | max rel diff. = 1.53489e-08
[2023-03-03 10:44:50.246] [jointLog] [info] Finished optimizer
[2023-03-03 10:44:50.246] [jointLog] [info] writing output 

[2023-03-03 10:44:51.023] [jointLog] [warning] NOTE: Read Lib [[ ../DT_trimmed_reads/DT24_1T_S44_L008_001_R1_trimmed.fastq.gz, ../DT_trimmed_reads/DT24_1T_S44_L008_001_R2_trimmed.fastq.gz]] :

Detected a *potential* strand bias > 1% in an unstranded protocol check the file: transcripts_quant_DT24_1T_S44_L008/lib_format_counts.json for details

