[2023-03-03 10:40:13.916] [jointLog] [info] setting maxHashResizeThreads to 1
[2023-03-03 10:40:13.916] [jointLog] [info] Fragment incompatibility prior below threshold.  Incompatible fragments will be ignored.
[2023-03-03 10:40:13.916] [jointLog] [info] Usage of --validateMappings implies use of minScoreFraction. Since not explicitly specified, it is being set to 0.65
[2023-03-03 10:40:13.916] [jointLog] [info] Setting consensusSlack to selective-alignment default of 0.35.
[2023-03-03 10:40:13.916] [jointLog] [info] parsing read library format
[2023-03-03 10:40:13.916] [jointLog] [info] There is 1 library.
[2023-03-03 10:40:13.953] [jointLog] [info] Loading pufferfish index
[2023-03-03 10:40:13.957] [jointLog] [info] Loading dense pufferfish index.
[2023-03-03 10:40:18.372] [jointLog] [info] done
[2023-03-03 10:40:18.471] [jointLog] [info] Index contained 19,502 targets
[2023-03-03 10:40:18.482] [jointLog] [info] Number of decoys : 0
[2023-03-03 10:40:21.463] [jointLog] [info] Automatically detected most likely library type as ISR

[2023-03-03 10:48:46.411] [jointLog] [info] Thread saw mini-batch with a maximum of 1.10% zero probability fragments
[2023-03-03 10:48:46.472] [jointLog] [info] Computed 24,866 rich equivalence classes for further processing
[2023-03-03 10:48:46.472] [jointLog] [info] Counted 9,244,626 total reads in the equivalence classes 
[2023-03-03 10:48:46.499] [jointLog] [info] Number of mappings discarded because of alignment score : 588,743
[2023-03-03 10:48:46.499] [jointLog] [info] Number of fragments entirely discarded because of alignment score : 95,023
[2023-03-03 10:48:46.499] [jointLog] [info] Number of fragments discarded because they are best-mapped to decoys : 0
[2023-03-03 10:48:46.499] [jointLog] [info] Number of fragments discarded because they have only dovetail (discordant) mappings to valid targets : 38,335
[2023-03-03 10:48:46.499] [jointLog] [info] Mapping rate = 64.4605%

[2023-03-03 10:48:46.499] [jointLog] [info] finished quantifyLibrary()
[2023-03-03 10:48:46.499] [fileLog] [info] 
At end of round 0
==================
Observed 14341534 total fragments (14341534 in most recent round)

[2023-03-03 10:48:47.531] [jointLog] [info] Starting optimizer
[2023-03-03 10:48:47.554] [jointLog] [info] Marked 0 weighted equivalence classes as degenerate
[2023-03-03 10:48:47.560] [jointLog] [info] iteration = 0 | max rel diff. = 25387
[2023-03-03 10:48:48.172] [jointLog] [info] iteration = 100 | max rel diff. = 13.6836
[2023-03-03 10:48:48.771] [jointLog] [info] iteration = 200 | max rel diff. = 14.3333
[2023-03-03 10:48:49.389] [jointLog] [info] iteration = 300 | max rel diff. = 6.78904
[2023-03-03 10:48:49.963] [jointLog] [info] iteration = 400 | max rel diff. = 0.944098
[2023-03-03 10:48:50.536] [jointLog] [info] iteration = 500 | max rel diff. = 0.193981
[2023-03-03 10:48:51.105] [jointLog] [info] iteration = 600 | max rel diff. = 0.0455542
[2023-03-03 10:48:51.668] [jointLog] [info] iteration = 700 | max rel diff. = 0.771264
[2023-03-03 10:48:52.224] [jointLog] [info] iteration = 800 | max rel diff. = 0.960077
[2023-03-03 10:48:52.779] [jointLog] [info] iteration = 900 | max rel diff. = 0.0225392
[2023-03-03 10:48:53.333] [jointLog] [info] iteration = 1,000 | max rel diff. = 0.0187087
[2023-03-03 10:48:53.881] [jointLog] [info] iteration = 1,100 | max rel diff. = 0.0209356
[2023-03-03 10:48:54.433] [jointLog] [info] iteration = 1,200 | max rel diff. = 0.0405648
[2023-03-03 10:48:54.984] [jointLog] [info] iteration = 1,300 | max rel diff. = 0.103782
[2023-03-03 10:48:55.536] [jointLog] [info] iteration = 1,400 | max rel diff. = 0.0201243
[2023-03-03 10:48:56.095] [jointLog] [info] iteration = 1,500 | max rel diff. = 0.188321
[2023-03-03 10:48:56.179] [jointLog] [info] iteration = 1,515 | max rel diff. = 0.0073106
[2023-03-03 10:48:56.184] [jointLog] [info] Finished optimizer
[2023-03-03 10:48:56.184] [jointLog] [info] writing output 

