[2022-10-26 15:20:39.073] [jointLog] [info] setting maxHashResizeThreads to 1
[2022-10-26 15:20:39.073] [jointLog] [info] Fragment incompatibility prior below threshold.  Incompatible fragments will be ignored.
[2022-10-26 15:20:39.073] [jointLog] [info] Usage of --validateMappings implies use of minScoreFraction. Since not explicitly specified, it is being set to 0.65
[2022-10-26 15:20:39.073] [jointLog] [info] Setting consensusSlack to selective-alignment default of 0.35.
[2022-10-26 15:20:39.073] [jointLog] [info] parsing read library format
[2022-10-26 15:20:39.073] [jointLog] [info] There is 1 library.
[2022-10-26 15:20:39.075] [jointLog] [info] Loading pufferfish index
[2022-10-26 15:20:39.075] [jointLog] [info] Loading dense pufferfish index.
[2022-10-26 15:20:39.881] [jointLog] [info] done
[2022-10-26 15:20:40.158] [jointLog] [info] Index contained 19,502 targets
[2022-10-26 15:20:40.169] [jointLog] [info] Number of decoys : 0
[2022-10-26 15:20:41.512] [jointLog] [info] Automatically detected most likely library type as ISR

[2022-10-26 15:24:26.871] [jointLog] [info] Thread saw mini-batch with a maximum of 1.62% zero probability fragments
[2022-10-26 15:24:26.960] [jointLog] [info] Computed 30,879 rich equivalence classes for further processing
[2022-10-26 15:24:26.960] [jointLog] [info] Counted 11,540,904 total reads in the equivalence classes 
[2022-10-26 15:24:26.961] [jointLog] [info] Number of mappings discarded because of alignment score : 607,960
[2022-10-26 15:24:26.961] [jointLog] [info] Number of fragments entirely discarded because of alignment score : 111,298
[2022-10-26 15:24:26.961] [jointLog] [info] Number of fragments discarded because they are best-mapped to decoys : 0
[2022-10-26 15:24:26.961] [jointLog] [info] Number of fragments discarded because they have only dovetail (discordant) mappings to valid targets : 48,473
[2022-10-26 15:24:26.961] [jointLog] [info] Mapping rate = 95.8197%

[2022-10-26 15:24:26.961] [jointLog] [info] finished quantifyLibrary()
[2022-10-26 15:24:26.970] [jointLog] [info] Starting optimizer
[2022-10-26 15:24:26.998] [jointLog] [info] Marked 0 weighted equivalence classes as degenerate
[2022-10-26 15:24:27.006] [jointLog] [info] iteration = 0 | max rel diff. = 18832.4
[2022-10-26 15:24:26.961] [fileLog] [info] 
At end of round 0
==================
Observed 12044399 total fragments (12044399 in most recent round)

[2022-10-26 15:24:27.838] [jointLog] [info] iteration = 100 | max rel diff. = 4.63748
[2022-10-26 15:24:28.545] [jointLog] [info] iteration = 200 | max rel diff. = 0.488419
[2022-10-26 15:24:29.276] [jointLog] [info] iteration = 300 | max rel diff. = 6.58198
[2022-10-26 15:24:30.077] [jointLog] [info] iteration = 400 | max rel diff. = 2.22433
[2022-10-26 15:24:30.801] [jointLog] [info] iteration = 500 | max rel diff. = 0.371404
[2022-10-26 15:24:31.491] [jointLog] [info] iteration = 600 | max rel diff. = 0.415008
[2022-10-26 15:24:32.227] [jointLog] [info] iteration = 700 | max rel diff. = 0.0885354
[2022-10-26 15:24:32.956] [jointLog] [info] iteration = 800 | max rel diff. = 0.303039
[2022-10-26 15:24:33.634] [jointLog] [info] iteration = 900 | max rel diff. = 0.0390184
[2022-10-26 15:24:34.339] [jointLog] [info] iteration = 1,000 | max rel diff. = 0.140729
[2022-10-26 15:24:34.987] [jointLog] [info] iteration = 1,100 | max rel diff. = 0.036568
[2022-10-26 15:24:35.602] [jointLog] [info] iteration = 1,200 | max rel diff. = 1.87356
[2022-10-26 15:24:36.213] [jointLog] [info] iteration = 1,300 | max rel diff. = 0.125689
[2022-10-26 15:24:36.796] [jointLog] [info] iteration = 1,390 | max rel diff. = 0.0098177
[2022-10-26 15:24:36.800] [jointLog] [info] Finished optimizer
[2022-10-26 15:24:36.800] [jointLog] [info] writing output 

